<?xml version="1.0" encoding="UTF-8"?>
<testsuite hostname="Vinaconc1" failures="0" tests="4" name="SeleniumTest.TestLogin" time="13.276" errors="0" timestamp="15 May 2023 23:51:09 GMT">
  <testcase classname="SeleniumTest.TestLogin" name="f" time="1.037"/>
  <testcase classname="SeleniumTest.TestLogin2" name="f" time="0.443"/>
  <testcase classname="SeleniumTest.TestLogin3" name="f" time="0.451"/>
  <testcase classname="SeleniumTestClinica.TestRegistroClinica" name="f" time="0.667"/>
</testsuite>
