<?xml version="1.0" encoding="UTF-8"?>
<testsuite xmlns:xsi="http://www.w3.org/2001/XMLSchema-instance" xsi:noNamespaceSchemaLocation="https://maven.apache.org/surefire/maven-surefire-plugin/xsd/surefire-test-report.xsd" name="TestSuite" time="13.591" tests="4" errors="0" skipped="0" failures="0">
  <properties>
[...]
</properties>
  <testcase name="f" classname="SeleniumTest.TestLogin" time="1.037"/>
  <testcase name="f" classname="SeleniumTest.TestLogin2" time="0.441"/>
  <testcase name="f" classname="SeleniumTest.TestLogin3" time="0.451"/>
  <testcase name="f" classname="SeleniumTestClinica.TestRegistroClinica" time="0.668"/>
</testsuite>