<?xml version="1.0" encoding="UTF-8"?>
<testng-results total="4" passed="4" failed="0" skipped="0">
  <reporter-output>
  </reporter-output>
  <suite started-at="2023-05-15T19:50:56Z" name="Surefire suite" finished-at="2023-05-15T19:51:09Z" duration-ms="13276">
    <groups>
    </groups>
    <test started-at="2023-05-15T19:50:56Z" name="Surefire test" finished-at="2023-05-15T19:51:09Z" duration-ms="13276">
      <class name="SeleniumTest.TestLogin">
        <test-method is-config="true" signature="beforeTest()" started-at="2023-05-15T19:50:56Z" name="beforeTest" finished-at="2023-05-15T19:50:58Z" duration-ms="1994" status="PASS">
        </test-method>
        <test-method is-config="true" signature="beforeTest()" started-at="2023-05-15T19:50:58Z" name="beforeTest" finished-at="2023-05-15T19:51:00Z" duration-ms="2167" status="PASS">
        </test-method>
        <test-method is-config="true" signature="beforeTest()" started-at="2023-05-15T19:51:00Z" name="beforeTest" finished-at="2023-05-15T19:51:05Z" duration-ms="4370" status="PASS">
        </test-method>
        <test-method is-config="true" signature="beforeTest()" started-at="2023-05-15T19:51:05Z" name="beforeTest" finished-at="2023-05-15T19:51:06Z" duration-ms="1225" status="PASS">
        </test-method>
        <test-method signature="f()" started-at="2023-05-15T19:51:06Z" name="f" finished-at="2023-05-15T19:51:07Z" duration-ms="1037" status="PASS">
        </test-method>
        <test-method is-config="true" signature="afterTest()" started-at="2023-05-15T19:51:08Z" name="afterTest" finished-at="2023-05-15T19:51:09Z" duration-ms="249" status="PASS">
        </test-method>
        <test-method is-config="true" signature="afterTest()" started-at="2023-05-15T19:51:09Z" name="afterTest" finished-at="2023-05-15T19:51:09Z" duration-ms="247" status="PASS">
        </test-method>
        <test-method is-config="true" signature="afterTest()" started-at="2023-05-15T19:51:09Z" name="afterTest" finished-at="2023-05-15T19:51:09Z" duration-ms="202" status="PASS">
        </test-method>
        <test-method is-config="true" signature="afterTest()" started-at="2023-05-15T19:51:09Z" name="afterTest" finished-at="2023-05-15T19:51:09Z" duration-ms="213" status="PASS">
        </test-method>
      </class>
      <class name="SeleniumTestClinica.TestRegistroClinica">
        <test-method signature="f()" started-at="2023-05-15T19:51:08Z" name="f" finished-at="2023-05-15T19:51:08Z" duration-ms="667" status="PASS">
        </test-method>
      </class>
      <class name="SeleniumTest.TestLogin2">
        <test-method signature="f()" started-at="2023-05-15T19:51:07Z" name="f" finished-at="2023-05-15T19:51:07Z" duration-ms="443" status="PASS">
        </test-method>
      </class>
      <class name="SeleniumTest.TestLogin3">
        <test-method signature="f()" started-at="2023-05-15T19:51:07Z" name="f" finished-at="2023-05-15T19:51:08Z" duration-ms="451" status="PASS">
        </test-method>
      </class>
    </test>
  </suite>
</testng-results>
