<?xml version="1.0" encoding="UTF-8"?>
<testng-results total="3" passed="2" failed="1" skipped="0">
  <reporter-output>
  </reporter-output>
  <suite started-at="2023-04-29T22:00:10Z" name="Surefire suite" finished-at="2023-04-29T22:00:24Z" duration-ms="13929">
    <groups>
    </groups>
    <test started-at="2023-04-29T22:00:10Z" name="Surefire test" finished-at="2023-04-29T22:00:24Z" duration-ms="13929">
      <class name="SeleniumTest.TestLogin">
        <test-method is-config="true" signature="beforeTest()" started-at="2023-04-29T22:00:10Z" name="beforeTest" finished-at="2023-04-29T22:00:13Z" duration-ms="3477" status="PASS">
        </test-method>
        <test-method is-config="true" signature="beforeTest()" started-at="2023-04-29T22:00:13Z" name="beforeTest" finished-at="2023-04-29T22:00:15Z" duration-ms="2133" status="PASS">
        </test-method>
        <test-method is-config="true" signature="beforeTest()" started-at="2023-04-29T22:00:15Z" name="beforeTest" finished-at="2023-04-29T22:00:21Z" duration-ms="5511" status="PASS">
        </test-method>
        <test-method signature="f()" started-at="2023-04-29T22:00:21Z" name="f" finished-at="2023-04-29T22:00:22Z" duration-ms="1103" status="PASS">
        </test-method>
        <test-method is-config="true" signature="afterTest()" started-at="2023-04-29T22:00:23Z" name="afterTest" finished-at="2023-04-29T22:00:23Z" duration-ms="252" status="PASS">
        </test-method>
        <test-method is-config="true" signature="afterTest()" started-at="2023-04-29T22:00:23Z" name="afterTest" finished-at="2023-04-29T22:00:23Z" duration-ms="210" status="PASS">
        </test-method>
        <test-method is-config="true" signature="afterTest()" started-at="2023-04-29T22:00:23Z" name="afterTest" finished-at="2023-04-29T22:00:24Z" duration-ms="206" status="PASS">
        </test-method>
      </class>
      <class name="SeleniumTest.TestLogin2">
        <test-method signature="f()" started-at="2023-04-29T22:00:22Z" name="f" finished-at="2023-04-29T22:00:22Z" duration-ms="490" status="FAIL">
          <exception class="org.junit.ComparisonFailure">
            <message>
              <![CDATA[expected:<[Bienvenido]> but was:<[WebLogin]>]]>
            </message>
            <full-stacktrace>
              <![CDATA[org.junit.ComparisonFailure: expected:<[Bienvenido]> but was:<[WebLogin]>
	at org.junit.Assert.assertEquals(Assert.java:115)
	at org.junit.Assert.assertEquals(Assert.java:144)
	at SeleniumTest.TestLogin2.f(TestLogin2.java:42)
	at java.base/jdk.internal.reflect.NativeMethodAccessorImpl.invoke0(Native Method)
	at java.base/jdk.internal.reflect.NativeMethodAccessorImpl.invoke(NativeMethodAccessorImpl.java:77)
	at java.base/jdk.internal.reflect.DelegatingMethodAccessorImpl.invoke(DelegatingMethodAccessorImpl.java:43)
	at java.base/java.lang.reflect.Method.invoke(Method.java:568)
	at org.testng.internal.MethodInvocationHelper.invokeMethod(MethodInvocationHelper.java:80)
	at org.testng.internal.Invoker.invokeMethod(Invoker.java:673)
	at org.testng.internal.Invoker.invokeTestMethod(Invoker.java:842)
	at org.testng.internal.Invoker.invokeTestMethods(Invoker.java:1166)
	at org.testng.internal.TestMethodWorker.invokeTestMethods(TestMethodWorker.java:125)
	at org.testng.internal.TestMethodWorker.run(TestMethodWorker.java:109)
	at org.testng.TestRunner.runWorkers(TestRunner.java:1178)
	at org.testng.TestRunner.privateRun(TestRunner.java:757)
	at org.testng.TestRunner.run(TestRunner.java:608)
	at org.testng.SuiteRunner.runTest(SuiteRunner.java:334)
	at org.testng.SuiteRunner.runSequentially(SuiteRunner.java:329)
	at org.testng.SuiteRunner.privateRun(SuiteRunner.java:291)
	at org.testng.SuiteRunner.run(SuiteRunner.java:240)
	at org.testng.SuiteRunnerWorker.runSuite(SuiteRunnerWorker.java:52)
	at org.testng.SuiteRunnerWorker.run(SuiteRunnerWorker.java:86)
	at org.testng.TestNG.runSuitesSequentially(TestNG.java:1158)
	at org.testng.TestNG.runSuitesLocally(TestNG.java:1083)
	at org.testng.TestNG.run(TestNG.java:999)
	at org.apache.maven.surefire.testng.TestNGExecutor.run(TestNGExecutor.java:135)
	at org.apache.maven.surefire.testng.TestNGDirectoryTestSuite.executeMulti(TestNGDirectoryTestSuite.java:193)
	at org.apache.maven.surefire.testng.TestNGDirectoryTestSuite.execute(TestNGDirectoryTestSuite.java:94)
	at org.apache.maven.surefire.testng.TestNGProvider.invoke(TestNGProvider.java:146)
	at org.apache.maven.surefire.booter.ForkedBooter.invokeProviderInSameClassLoader(ForkedBooter.java:384)
	at org.apache.maven.surefire.booter.ForkedBooter.runSuitesInProcess(ForkedBooter.java:345)
	at org.apache.maven.surefire.booter.ForkedBooter.execute(ForkedBooter.java:126)
	at org.apache.maven.surefire.booter.ForkedBooter.main(ForkedBooter.java:418)
]]>
            </full-stacktrace>
          </exception>
        </test-method>
      </class>
      <class name="SeleniumTest.TestLogin3">
        <test-method signature="f()" started-at="2023-04-29T22:00:22Z" name="f" finished-at="2023-04-29T22:00:23Z" duration-ms="527" status="PASS">
        </test-method>
      </class>
    </test>
  </suite>
</testng-results>
