<?xml version="1.0" encoding="UTF-8"?>
<testng-results total="3" passed="3" failed="0" skipped="0">
  <reporter-output>
  </reporter-output>
  <suite started-at="2023-05-15T19:43:14Z" name="Default suite" finished-at="2023-05-15T19:43:22Z" duration-ms="8442">
    <groups>
    </groups>
    <test started-at="2023-05-15T19:43:14Z" name="Default test" finished-at="2023-05-15T19:43:22Z" duration-ms="8442">
      <class name="SeleniumTest.TestLogin">
        <test-method is-config="true" signature="beforeTest()" started-at="2023-05-15T19:43:14Z" name="beforeTest" finished-at="2023-05-15T19:43:16Z" duration-ms="1878" status="PASS">
        </test-method>
        <test-method is-config="true" signature="beforeTest()" started-at="2023-05-15T19:43:16Z" name="beforeTest" finished-at="2023-05-15T19:43:17Z" duration-ms="1587" status="PASS">
        </test-method>
        <test-method is-config="true" signature="beforeTest()" started-at="2023-05-15T19:43:17Z" name="beforeTest" finished-at="2023-05-15T19:43:19Z" duration-ms="1596" status="PASS">
        </test-method>
        <test-method signature="f()" started-at="2023-05-15T19:43:19Z" name="f" finished-at="2023-05-15T19:43:19Z" duration-ms="395" status="PASS">
        </test-method>
        <test-method is-config="true" signature="afterTest()" started-at="2023-05-15T19:43:20Z" name="afterTest" finished-at="2023-05-15T19:43:21Z" duration-ms="659" status="PASS">
        </test-method>
        <test-method is-config="true" signature="afterTest()" started-at="2023-05-15T19:43:21Z" name="afterTest" finished-at="2023-05-15T19:43:21Z" duration-ms="647" status="PASS">
        </test-method>
        <test-method is-config="true" signature="afterTest()" started-at="2023-05-15T19:43:21Z" name="afterTest" finished-at="2023-05-15T19:43:22Z" duration-ms="693" status="PASS">
        </test-method>
      </class>
      <class name="SeleniumTest.TestLogin2">
        <test-method signature="f()" started-at="2023-05-15T19:43:19Z" name="f" finished-at="2023-05-15T19:43:20Z" duration-ms="481" status="PASS">
        </test-method>
      </class>
      <class name="SeleniumTest.TestLogin3">
        <test-method signature="f()" started-at="2023-05-15T19:43:20Z" name="f" finished-at="2023-05-15T19:43:20Z" duration-ms="497" status="PASS">
        </test-method>
      </class>
    </test>
  </suite>
</testng-results>
